<?xml version="1.0" encoding="UTF-8"?>
<testsuite xmlns:xsi="http://www.w3.org/2001/XMLSchema-instance" xsi:noNamespaceSchemaLocation="https://maven.apache.org/surefire/maven-surefire-plugin/xsd/surefire-test-report-3.0.xsd" version="3.0" name="courses.apx.crudclients.CrudClientsApplicationTests" time="4.931" tests="1" errors="0" skipped="0" failures="0">
  <properties>
[...]
</properties>
  <testcase name="contextLoads" classname="courses.apx.crudclients.CrudClientsApplicationTests" time="1.008">
    <system-out><![CDATA[22:27:54.650 [main] DEBUG org.springframework.test.context.BootstrapUtils - Instantiating CacheAwareContextLoaderDelegate from class [org.springframework.test.context.cache.DefaultCacheAwareContextLoaderDelegate]
22:27:54.668 [main] DEBUG org.springframework.test.context.BootstrapUtils - Instantiating BootstrapContext using constructor [public org.springframework.test.context.support.DefaultBootstrapContext(java.lang.Class,org.springframework.test.context.CacheAwareContextLoaderDelegate)]
22:27:54.749 [main] DEBUG org.springframework.test.context.BootstrapUtils - Instantiating TestContextBootstrapper for test class [courses.apx.crudclients.CrudClientsApplicationTests] from class [org.springframework.boot.test.context.SpringBootTestContextBootstrapper]
22:27:54.774 [main] INFO org.springframework.boot.test.context.SpringBootTestContextBootstrapper - Neither @ContextConfiguration nor @ContextHierarchy found for test class [courses.apx.crudclients.CrudClientsApplicationTests], using SpringBootContextLoader
22:27:54.782 [main] DEBUG org.springframework.test.context.support.AbstractContextLoader - Did not detect default resource location for test class [courses.apx.crudclients.CrudClientsApplicationTests]: class path resource [courses/apx/crudclients/CrudClientsApplicationTests-context.xml] does not exist
22:27:54.782 [main] DEBUG org.springframework.test.context.support.AbstractContextLoader - Did not detect default resource location for test class [courses.apx.crudclients.CrudClientsApplicationTests]: class path resource [courses/apx/crudclients/CrudClientsApplicationTestsContext.groovy] does not exist
22:27:54.783 [main] INFO org.springframework.test.context.support.AbstractContextLoader - Could not detect default resource locations for test class [courses.apx.crudclients.CrudClientsApplicationTests]: no resource found for suffixes {-context.xml, Context.groovy}.
22:27:54.784 [main] INFO org.springframework.test.context.support.AnnotationConfigContextLoaderUtils - Could not detect default configuration classes for test class [courses.apx.crudclients.CrudClientsApplicationTests]: CrudClientsApplicationTests does not declare any static, non-private, non-final, nested classes annotated with @Configuration.
22:27:54.874 [main] DEBUG org.springframework.test.context.support.ActiveProfilesUtils - Could not find an 'annotation declaring class' for annotation type [org.springframework.test.context.ActiveProfiles] and class [courses.apx.crudclients.CrudClientsApplicationTests]
22:27:54.990 [main] DEBUG org.springframework.context.annotation.ClassPathScanningCandidateComponentProvider - Identified candidate component class: file [C:\Material_DevOps\codigos\integracionCucumber\demo_cucumber\target\classes\courses\apx\crudclients\CrudClientsApplication.class]
22:27:54.991 [main] INFO org.springframework.boot.test.context.SpringBootTestContextBootstrapper - Found @SpringBootConfiguration courses.apx.crudclients.CrudClientsApplication for test class courses.apx.crudclients.CrudClientsApplicationTests
22:27:55.148 [main] DEBUG org.springframework.boot.test.context.SpringBootTestContextBootstrapper - @TestExecutionListeners is not present for class [courses.apx.crudclients.CrudClientsApplicationTests]: using defaults.
22:27:55.149 [main] INFO org.springframework.boot.test.context.SpringBootTestContextBootstrapper - Loaded default TestExecutionListener class names from location [META-INF/spring.factories]: [org.springframework.boot.test.mock.mockito.MockitoTestExecutionListener, org.springframework.boot.test.mock.mockito.ResetMocksTestExecutionListener, org.springframework.boot.test.autoconfigure.restdocs.RestDocsTestExecutionListener, org.springframework.boot.test.autoconfigure.web.client.MockRestServiceServerResetTestExecutionListener, org.springframework.boot.test.autoconfigure.web.servlet.MockMvcPrintOnlyOnFailureTestExecutionListener, org.springframework.boot.test.autoconfigure.web.servlet.WebDriverTestExecutionListener, org.springframework.boot.test.autoconfigure.webservices.client.MockWebServiceServerTestExecutionListener, org.springframework.test.context.web.ServletTestExecutionListener, org.springframework.test.context.support.DirtiesContextBeforeModesTestExecutionListener, org.springframework.test.context.event.ApplicationEventsTestExecutionListener, org.springframework.test.context.support.DependencyInjectionTestExecutionListener, org.springframework.test.context.support.DirtiesContextTestExecutionListener, org.springframework.test.context.transaction.TransactionalTestExecutionListener, org.springframework.test.context.jdbc.SqlScriptsTestExecutionListener, org.springframework.test.context.event.EventPublishingTestExecutionListener]
22:27:55.164 [main] DEBUG org.springframework.boot.test.context.SpringBootTestContextBootstrapper - Skipping candidate TestExecutionListener [org.springframework.test.context.transaction.TransactionalTestExecutionListener] due to a missing dependency. Specify custom listener classes or make the default listener classes and their required dependencies available. Offending class: [org/springframework/transaction/interceptor/TransactionAttributeSource]
22:27:55.165 [main] DEBUG org.springframework.boot.test.context.SpringBootTestContextBootstrapper - Skipping candidate TestExecutionListener [org.springframework.test.context.jdbc.SqlScriptsTestExecutionListener] due to a missing dependency. Specify custom listener classes or make the default listener classes and their required dependencies available. Offending class: [org/springframework/transaction/interceptor/TransactionAttribute]
22:27:55.165 [main] INFO org.springframework.boot.test.context.SpringBootTestContextBootstrapper - Using TestExecutionListeners: [org.springframework.test.context.web.ServletTestExecutionListener@6a175569, org.springframework.test.context.support.DirtiesContextBeforeModesTestExecutionListener@11963225, org.springframework.test.context.event.ApplicationEventsTestExecutionListener@3f3c966c, org.springframework.boot.test.mock.mockito.MockitoTestExecutionListener@11ee02f8, org.springframework.boot.test.autoconfigure.SpringBootDependencyInjectionTestExecutionListener@4102b1b1, org.springframework.test.context.support.DirtiesContextTestExecutionListener@61a5b4ae, org.springframework.test.context.event.EventPublishingTestExecutionListener@3a71c100, org.springframework.boot.test.mock.mockito.ResetMocksTestExecutionListener@5b69fd74, org.springframework.boot.test.autoconfigure.restdocs.RestDocsTestExecutionListener@f325091, org.springframework.boot.test.autoconfigure.web.client.MockRestServiceServerResetTestExecutionListener@437e951d, org.springframework.boot.test.autoconfigure.web.servlet.MockMvcPrintOnlyOnFailureTestExecutionListener@77b325b3, org.springframework.boot.test.autoconfigure.web.servlet.WebDriverTestExecutionListener@63a5e46c, org.springframework.boot.test.autoconfigure.webservices.client.MockWebServiceServerTestExecutionListener@7e8e8651]
22:27:55.171 [main] DEBUG org.springframework.test.context.support.AbstractDirtiesContextTestExecutionListener - Before test class: context [DefaultTestContext@3be8821f testClass = CrudClientsApplicationTests, testInstance = [null], testMethod = [null], testException = [null], mergedContextConfiguration = [WebMergedContextConfiguration@64b31700 testClass = CrudClientsApplicationTests, locations = '{}', classes = '{class courses.apx.crudclients.CrudClientsApplication}', contextInitializerClasses = '[]', activeProfiles = '{}', propertySourceLocations = '{}', propertySourceProperties = '{org.springframework.boot.test.context.SpringBootTestContextBootstrapper=true}', contextCustomizers = set[org.springframework.boot.test.context.filter.ExcludeFilterContextCustomizer@4e28bdd1, org.springframework.boot.test.json.DuplicateJsonObjectContextCustomizerFactory$DuplicateJsonObjectContextCustomizer@f0e995e, org.springframework.boot.test.mock.mockito.MockitoContextCustomizer@0, org.springframework.boot.test.web.client.TestRestTemplateContextCustomizer@3829ac1, org.springframework.boot.test.autoconfigure.actuate.metrics.MetricsExportContextCustomizerFactory$DisableMetricExportContextCustomizer@3e34ace1, org.springframework.boot.test.autoconfigure.properties.PropertyMappingContextCustomizer@0, org.springframework.boot.test.autoconfigure.web.servlet.WebDriverContextCustomizerFactory$Customizer@7829b776, org.springframework.boot.test.context.SpringBootTestArgs@1, org.springframework.boot.test.context.SpringBootTestWebEnvironment@4b53f538], resourceBasePath = 'src/main/webapp', contextLoader = 'org.springframework.boot.test.context.SpringBootContextLoader', parent = [null]], attributes = map['org.springframework.test.context.web.ServletTestExecutionListener.activateListener' -> true]], class annotated with @DirtiesContext [false] with mode [null].

  .   ____          _            __ _ _
 /\\ / ___'_ __ _ _(_)_ __  __ _ \ \ \ \
( ( )\___ | '_ | '_| | '_ \/ _` | \ \ \ \
 \\/  ___)| |_)| | | | | || (_| |  ) ) ) )
  '  |____| .__|_| |_|_| |_\__, | / / / /
 =========|_|==============|___/=/_/_/_/
 :: Spring Boot ::               (v2.6.10)

2024-01-17 22:27:55.820  INFO 16468 --- [           main] c.a.c.CrudClientsApplicationTests        : Starting CrudClientsApplicationTests using Java 17.0.6 on WTCLAPBE-01 with PID 16468 (started by Netec in C:\Material_DevOps\codigos\integracionCucumber\demo_cucumber)
2024-01-17 22:27:55.821  INFO 16468 --- [           main] c.a.c.CrudClientsApplicationTests        : No active profile set, falling back to 1 default profile: "default"
2024-01-17 22:27:58.428  INFO 16468 --- [           main] c.a.c.CrudClientsApplicationTests        : Started CrudClientsApplicationTests in 3.163 seconds (JVM running for 5.887)
]]></system-out>
  </testcase>
</testsuite>