<?xml version="1.0" encoding="UTF-8"?>
<testsuite xmlns:xsi="http://www.w3.org/2001/XMLSchema-instance" xsi:noNamespaceSchemaLocation="https://maven.apache.org/surefire/maven-surefire-plugin/xsd/surefire-test-report-3.0.xsd" version="3.0" name="courses.apx.crudclients.RunCucumberTest" time="1.049" tests="1" errors="0" skipped="0" failures="0">
  <properties>
[...]
</properties>
  <testcase name="Consumir el endpoint y verificar la respuesta" classname="Consumir un endpoint y verificar la respuesta JSON" time="0.688">
    <system-out><![CDATA[
Scenario: Consumir el endpoint y verificar la respuesta        &amp#27;[90m# features/demo.feature:3&amp#27;[0m
  &amp#27;[32mGiven &amp#27;[0m&amp#27;[32mun endpoint &amp#27;[0m&amp#27;[32m&amp#27;[1m"http://localhost:8888/clients/1"&amp#27;[0m          &amp#27;[90m# courses.apx.crudclients.StepDefinitions.un_endpoint(java.lang.String)&amp#27;[0m
08:02:14.813 [main] DEBUG org.apache.http.client.protocol.RequestAddCookies - CookieSpec selected: default
08:02:14.829 [main] DEBUG org.apache.http.client.protocol.RequestAuthCache - Auth cache not set in the context
08:02:14.830 [main] DEBUG org.apache.http.impl.conn.PoolingHttpClientConnectionManager - Connection request: [route: {}->http://localhost:8888][total available: 0; route allocated: 0 of 2; total allocated: 0 of 20]
08:02:14.851 [main] DEBUG org.apache.http.impl.conn.PoolingHttpClientConnectionManager - Connection leased: [id: 0][route: {}->http://localhost:8888][total available: 0; route allocated: 1 of 2; total allocated: 1 of 20]
08:02:14.853 [main] DEBUG org.apache.http.impl.execchain.MainClientExec - Opening connection {}->http://localhost:8888
08:02:14.868 [main] DEBUG org.apache.http.impl.conn.DefaultHttpClientConnectionOperator - Connecting to localhost/127.0.0.1:8888
08:02:14.870 [main] DEBUG org.apache.http.impl.conn.DefaultHttpClientConnectionOperator - Connection established 127.0.0.1:51479<->127.0.0.1:8888
08:02:14.871 [main] DEBUG org.apache.http.impl.execchain.MainClientExec - Executing request GET /clients/1 HTTP/1.1
08:02:14.871 [main] DEBUG org.apache.http.impl.execchain.MainClientExec - Target auth state: UNCHALLENGED
08:02:14.872 [main] DEBUG org.apache.http.impl.execchain.MainClientExec - Proxy auth state: UNCHALLENGED
08:02:14.874 [main] DEBUG org.apache.http.headers - http-outgoing-0 >> GET /clients/1 HTTP/1.1
08:02:14.874 [main] DEBUG org.apache.http.headers - http-outgoing-0 >> Host: localhost:8888
08:02:14.874 [main] DEBUG org.apache.http.headers - http-outgoing-0 >> Connection: Keep-Alive
08:02:14.875 [main] DEBUG org.apache.http.headers - http-outgoing-0 >> User-Agent: Apache-HttpClient/4.5.13 (Java/17.0.6)
08:02:14.875 [main] DEBUG org.apache.http.headers - http-outgoing-0 >> Accept-Encoding: gzip,deflate
08:02:14.875 [main] DEBUG org.apache.http.wire - http-outgoing-0 >> "GET /clients/1 HTTP/1.1[\r][\n]"
08:02:14.875 [main] DEBUG org.apache.http.wire - http-outgoing-0 >> "Host: localhost:8888[\r][\n]"
08:02:14.875 [main] DEBUG org.apache.http.wire - http-outgoing-0 >> "Connection: Keep-Alive[\r][\n]"
08:02:14.875 [main] DEBUG org.apache.http.wire - http-outgoing-0 >> "User-Agent: Apache-HttpClient/4.5.13 (Java/17.0.6)[\r][\n]"
08:02:14.875 [main] DEBUG org.apache.http.wire - http-outgoing-0 >> "Accept-Encoding: gzip,deflate[\r][\n]"
08:02:14.875 [main] DEBUG org.apache.http.wire - http-outgoing-0 >> "[\r][\n]"
08:02:14.878 [main] DEBUG org.apache.http.wire - http-outgoing-0 << "HTTP/1.1 200 [\r][\n]"
08:02:14.879 [main] DEBUG org.apache.http.wire - http-outgoing-0 << "Content-Type: application/json[\r][\n]"
08:02:14.879 [main] DEBUG org.apache.http.wire - http-outgoing-0 << "Transfer-Encoding: chunked[\r][\n]"
08:02:14.879 [main] DEBUG org.apache.http.wire - http-outgoing-0 << "Date: Thu, 18 Jan 2024 14:02:14 GMT[\r][\n]"
08:02:14.879 [main] DEBUG org.apache.http.wire - http-outgoing-0 << "Keep-Alive: timeout=60[\r][\n]"
08:02:14.879 [main] DEBUG org.apache.http.wire - http-outgoing-0 << "Connection: keep-alive[\r][\n]"
08:02:14.879 [main] DEBUG org.apache.http.wire - http-outgoing-0 << "[\r][\n]"
08:02:14.879 [main] DEBUG org.apache.http.wire - http-outgoing-0 << "36[\r][\n]"
08:02:14.879 [main] DEBUG org.apache.http.wire - http-outgoing-0 << "{"idClient":1,"name":"Nombre1","surname":"Apellidos1"}[\r][\n]"
08:02:14.882 [main] DEBUG org.apache.http.headers - http-outgoing-0 << HTTP/1.1 200 
08:02:14.883 [main] DEBUG org.apache.http.headers - http-outgoing-0 << Content-Type: application/json
08:02:14.883 [main] DEBUG org.apache.http.headers - http-outgoing-0 << Transfer-Encoding: chunked
08:02:14.883 [main] DEBUG org.apache.http.headers - http-outgoing-0 << Date: Thu, 18 Jan 2024 14:02:14 GMT
08:02:14.883 [main] DEBUG org.apache.http.headers - http-outgoing-0 << Keep-Alive: timeout=60
08:02:14.883 [main] DEBUG org.apache.http.headers - http-outgoing-0 << Connection: keep-alive
08:02:14.897 [main] DEBUG org.apache.http.impl.execchain.MainClientExec - Connection can be kept alive for 60000 MILLISECONDS
08:02:14.902 [main] DEBUG org.apache.http.wire - http-outgoing-0 << "0[\r][\n]"
08:02:14.902 [main] DEBUG org.apache.http.wire - http-outgoing-0 << "[\r][\n]"
08:02:14.902 [main] DEBUG org.apache.http.impl.conn.PoolingHttpClientConnectionManager - Connection [id: 0][route: {}->http://localhost:8888] can be kept alive for 60.0 seconds
08:02:14.902 [main] DEBUG org.apache.http.impl.conn.DefaultManagedHttpClientConnection - http-outgoing-0: set socket timeout to 0
08:02:14.902 [main] DEBUG org.apache.http.impl.conn.PoolingHttpClientConnectionManager - Connection released: [id: 0][route: {}->http://localhost:8888][total available: 1; route allocated: 1 of 2; total allocated: 1 of 20]
  &amp#27;[32mWhen &amp#27;[0m&amp#27;[32mhago una solicitud GET al endpoint&amp#27;[0m                      &amp#27;[90m# courses.apx.crudclients.StepDefinitions.hago_una_solicitud_get_al_endpoint()&amp#27;[0m
  &amp#27;[32mThen &amp#27;[0m&amp#27;[32mla respuesta debe ser un JSON con los siguientes datos:&amp#27;[0m &amp#27;[90m# courses.apx.crudclients.StepDefinitions.la_respuesta_debe_ser_un_json_con_los_siguientes_datos(java.lang.String)&amp#27;[0m
]]></system-out>
  </testcase>
</testsuite>